This file contains any messages produced by compilers while
running configure, to aid debugging if configure makes a mistake.

It was created by configure, which was
generated by GNU Autoconf 2.59.  Invocation command line was

  $ ./configure 

## --------- ##
## Platform. ##
## --------- ##

hostname = GM-Dual-PC-ML
uname -m = x86_64
uname -r = 4.13.0-45-generic
uname -s = Linux
uname -v = #50~16.04.1-Ubuntu SMP Wed May 30 11:18:27 UTC 2018

/usr/bin/uname -p = unknown
/bin/uname -X     = unknown

/bin/arch              = unknown
/usr/bin/arch -k       = unknown
/usr/convex/getsysinfo = unknown
hostinfo               = unknown
/bin/machine           = unknown
/usr/bin/oslevel       = unknown
/bin/universe          = unknown

PATH: /opt/voc/bin
PATH: /home/gunter/.local/share/umake/bin
PATH: /home/gunter/bin
PATH: /home/gunter/.local/bin
PATH: /usr/local/sbin
PATH: /usr/local/bin
PATH: /usr/sbin
PATH: /usr/bin
PATH: /sbin
PATH: /bin
PATH: /usr/games
PATH: /usr/local/games
PATH: /snap/bin
PATH: /usr/local/go/bin
PATH: /usr/local/plan9/bin
PATH: /usr/local/xds/bin
PATH: /usr/local/cm3/bin


## ----------- ##
## Core tests. ##
## ----------- ##

configure:1313: checking for a BSD-compatible install
configure:1368: result: /usr/bin/install -c
configure:1379: checking whether build environment is sane
configure:1422: result: yes
configure:1437: checking whether make sets $(MAKE)
configure:1457: result: yes
configure:1489: checking for working aclocal-1.4
configure:1500: result: missing
configure:1504: checking for working autoconf
configure:1511: result: found
configure:1519: checking for working automake-1.4
configure:1530: result: missing
configure:1534: checking for working autoheader
configure:1541: result: found
configure:1549: checking for working makeinfo
configure:1556: result: found
configure:1571: checking build system type
configure:1589: result: x86_64-unknown-linux-gnu
configure:1597: checking host system type
configure:1611: result: x86_64-unknown-linux-gnu
configure:1632: checking for a BSD-compatible install
configure:1687: result: /usr/bin/install -c
configure:1698: checking whether ln -s works
configure:1702: result: yes
configure:1750: checking for ranlib
configure:1766: found /usr/bin/ranlib
configure:1777: result: ranlib
configure:1836: checking for gcc
configure:1852: found /usr/bin/gcc
configure:1862: result: gcc
configure:2106: checking for C compiler version
configure:2109: gcc --version </dev/null >&5
gcc (Ubuntu 5.4.0-6ubuntu1~16.04.10) 5.4.0 20160609
Copyright (C) 2015 Free Software Foundation, Inc.
This is free software; see the source for copying conditions.  There is NO
warranty; not even for MERCHANTABILITY or FITNESS FOR A PARTICULAR PURPOSE.

configure:2112: $? = 0
configure:2114: gcc -v </dev/null >&5
Using built-in specs.
COLLECT_GCC=gcc
COLLECT_LTO_WRAPPER=/usr/lib/gcc/x86_64-linux-gnu/5/lto-wrapper
Target: x86_64-linux-gnu
Configured with: ../src/configure -v --with-pkgversion='Ubuntu 5.4.0-6ubuntu1~16.04.10' --with-bugurl=file:///usr/share/doc/gcc-5/README.Bugs --enable-languages=c,ada,c++,java,go,d,fortran,objc,obj-c++ --prefix=/usr --program-suffix=-5 --enable-shared --enable-linker-build-id --libexecdir=/usr/lib --without-included-gettext --enable-threads=posix --libdir=/usr/lib --enable-nls --with-sysroot=/ --enable-clocale=gnu --enable-libstdcxx-debug --enable-libstdcxx-time=yes --with-default-libstdcxx-abi=new --enable-gnu-unique-object --disable-vtable-verify --enable-libmpx --enable-plugin --with-system-zlib --disable-browser-plugin --enable-java-awt=gtk --enable-gtk-cairo --with-java-home=/usr/lib/jvm/java-1.5.0-gcj-5-amd64/jre --enable-java-home --with-jvm-root-dir=/usr/lib/jvm/java-1.5.0-gcj-5-amd64 --with-jvm-jar-dir=/usr/lib/jvm-exports/java-1.5.0-gcj-5-amd64 --with-arch-directory=amd64 --with-ecj-jar=/usr/share/java/eclipse-ecj.jar --enable-objc-gc --enable-multiarch --disable-werror --with-arch-32=i686 --with-abi=m64 --with-multilib-list=m32,m64,mx32 --enable-multilib --with-tune=generic --enable-checking=release --build=x86_64-linux-gnu --host=x86_64-linux-gnu --target=x86_64-linux-gnu
Thread model: posix
gcc version 5.4.0 20160609 (Ubuntu 5.4.0-6ubuntu1~16.04.10) 
configure:2117: $? = 0
configure:2119: gcc -V </dev/null >&5
gcc: error: unrecognized command line option '-V'
gcc: fatal error: no input files
compilation terminated.
configure:2122: $? = 1
configure:2145: checking for C compiler default output file name
configure:2148: gcc    conftest.c  >&5
configure:2151: $? = 0
configure:2197: result: a.out
configure:2202: checking whether the C compiler works
configure:2208: ./a.out
configure:2211: $? = 0
configure:2228: result: yes
configure:2235: checking whether we are cross compiling
configure:2237: result: no
configure:2240: checking for suffix of executables
configure:2242: gcc -o conftest    conftest.c  >&5
configure:2245: $? = 0
configure:2270: result: 
configure:2276: checking for suffix of object files
configure:2297: gcc -c   conftest.c >&5
configure:2300: $? = 0
configure:2322: result: o
configure:2326: checking whether we are using the GNU C compiler
configure:2350: gcc -c   conftest.c >&5
configure:2356: $? = 0
configure:2359: test -z 			 || test ! -s conftest.err
configure:2362: $? = 0
configure:2365: test -s conftest.o
configure:2368: $? = 0
configure:2381: result: yes
configure:2387: checking whether gcc accepts -g
configure:2408: gcc -c -g  conftest.c >&5
configure:2414: $? = 0
configure:2417: test -z 			 || test ! -s conftest.err
configure:2420: $? = 0
configure:2423: test -s conftest.o
configure:2426: $? = 0
configure:2437: result: yes
configure:2454: checking for gcc option to accept ANSI C
configure:2524: gcc  -c -g -O2  conftest.c >&5
configure:2530: $? = 0
configure:2533: test -z 			 || test ! -s conftest.err
configure:2536: $? = 0
configure:2539: test -s conftest.o
configure:2542: $? = 0
configure:2560: result: none needed
configure:2578: gcc -c -g -O2  conftest.c >&5
conftest.c:2:3: error: unknown type name 'choke'
   choke me
   ^
conftest.c:2:3: error: expected '=', ',', ';', 'asm' or '__attribute__' at end of input
configure:2584: $? = 1
configure: failed program was:
| #ifndef __cplusplus
|   choke me
| #endif
configure:2720: checking how to run the C preprocessor
configure:2755: gcc -E  conftest.c
configure:2761: $? = 0
configure:2793: gcc -E  conftest.c
conftest.c:11:28: fatal error: ac_nonexistent.h: No such file or directory
compilation terminated.
configure:2799: $? = 1
configure: failed program was:
| /* confdefs.h.  */
| 
| #define PACKAGE_NAME ""
| #define PACKAGE_TARNAME ""
| #define PACKAGE_VERSION ""
| #define PACKAGE_STRING ""
| #define PACKAGE_BUGREPORT ""
| #define PACKAGE "xbvl"
| #define VERSION "2.2.3-light"
| /* end confdefs.h.  */
| #include <ac_nonexistent.h>
configure:2838: result: gcc -E
configure:2862: gcc -E  conftest.c
configure:2868: $? = 0
configure:2900: gcc -E  conftest.c
conftest.c:11:28: fatal error: ac_nonexistent.h: No such file or directory
compilation terminated.
configure:2906: $? = 1
configure: failed program was:
| /* confdefs.h.  */
| 
| #define PACKAGE_NAME ""
| #define PACKAGE_TARNAME ""
| #define PACKAGE_VERSION ""
| #define PACKAGE_STRING ""
| #define PACKAGE_BUGREPORT ""
| #define PACKAGE "xbvl"
| #define VERSION "2.2.3-light"
| /* end confdefs.h.  */
| #include <ac_nonexistent.h>
configure:3015: checking for emacs
configure:3033: found /usr/bin/emacs
configure:3045: result: /usr/bin/emacs
configure:3057: checking where .elc files should go
configure:3078: result: $(prefix)/share/emacs/site-lisp
configure:3118: checking for X
configure:3224: gcc -E  conftest.c
configure:3230: $? = 0
configure:3280: gcc -o conftest -O3   conftest.c -lXt  >&5
configure:3286: $? = 0
configure:3289: test -z 			 || test ! -s conftest.err
configure:3292: $? = 0
configure:3295: test -s conftest
configure:3298: $? = 0
configure:3352: result: libraries , headers in standard search path
configure:3523: gcc -o conftest -O3   conftest.c   -lX11 >&5
configure:3529: $? = 0
configure:3532: test -z 			 || test ! -s conftest.err
configure:3535: $? = 0
configure:3538: test -s conftest
configure:3541: $? = 0
configure:3697: checking for gethostbyname
configure:3754: gcc -o conftest -O3   conftest.c  >&5
configure:3760: $? = 0
configure:3763: test -z 			 || test ! -s conftest.err
configure:3766: $? = 0
configure:3769: test -s conftest
configure:3772: $? = 0
configure:3784: result: yes
configure:3933: checking for connect
configure:3990: gcc -o conftest -O3   conftest.c  >&5
configure:3996: $? = 0
configure:3999: test -z 			 || test ! -s conftest.err
configure:4002: $? = 0
configure:4005: test -s conftest
configure:4008: $? = 0
configure:4020: result: yes
configure:4094: checking for remove
configure:4151: gcc -o conftest -O3   conftest.c  >&5
configure:4157: $? = 0
configure:4160: test -z 			 || test ! -s conftest.err
configure:4163: $? = 0
configure:4166: test -s conftest
configure:4169: $? = 0
configure:4181: result: yes
configure:4255: checking for shmat
configure:4312: gcc -o conftest -O3   conftest.c  >&5
configure:4318: $? = 0
configure:4321: test -z 			 || test ! -s conftest.err
configure:4324: $? = 0
configure:4327: test -s conftest
configure:4330: $? = 0
configure:4342: result: yes
configure:4425: checking for IceConnectionNumber in -lICE
configure:4455: gcc -o conftest -O3   conftest.c -lICE   >&5
configure:4461: $? = 0
configure:4464: test -z 			 || test ! -s conftest.err
configure:4467: $? = 0
configure:4470: test -s conftest
configure:4473: $? = 0
configure:4486: result: yes
configure:4683: checking for dirname
configure:4740: gcc -o conftest -O3  -pipe -DSHM   conftest.c  >&5
configure:4746: $? = 0
configure:4749: test -z 			 || test ! -s conftest.err
configure:4752: $? = 0
configure:4755: test -s conftest
configure:4758: $? = 0
configure:4770: result: yes
configure:4778: checking for index
configure:4835: gcc -o conftest -O3  -pipe -DSHM   conftest.c  >&5
conftest.c:35:6: warning: conflicting types for built-in function 'index'
 char index ();
      ^
configure:4841: $? = 0
configure:4844: test -z 			 || test ! -s conftest.err
configure:4847: $? = 0
configure:4850: test -s conftest
configure:4853: $? = 0
configure:4865: result: yes
configure:4876: checking for perror
configure:4933: gcc -o conftest -O3  -pipe -DSHM   conftest.c  >&5
configure:4939: $? = 0
configure:4942: test -z 			 || test ! -s conftest.err
configure:4945: $? = 0
configure:4948: test -s conftest
configure:4951: $? = 0
configure:4963: result: yes
configure:4970: checking for getprotobyname
configure:5027: gcc -o conftest -O3  -pipe -DSHM   conftest.c  >&5
configure:5033: $? = 0
configure:5036: test -z 			 || test ! -s conftest.err
configure:5039: $? = 0
configure:5042: test -s conftest
configure:5045: $? = 0
configure:5057: result: yes
configure:5064: checking for egrep
configure:5074: result: grep -E
configure:5079: checking for ANSI C header files
configure:5104: gcc -c -O3  -pipe -DSHM  conftest.c >&5
configure:5110: $? = 0
configure:5113: test -z 			 || test ! -s conftest.err
configure:5116: $? = 0
configure:5119: test -s conftest.o
configure:5122: $? = 0
configure:5211: gcc -o conftest -O3  -pipe -DSHM   conftest.c  >&5
conftest.c: In function 'main':
conftest.c:28:7: warning: implicit declaration of function 'exit' [-Wimplicit-function-declaration]
       exit(2);
       ^
conftest.c:28:7: warning: incompatible implicit declaration of built-in function 'exit'
conftest.c:28:7: note: include '<stdlib.h>' or provide a declaration of 'exit'
conftest.c:29:3: warning: incompatible implicit declaration of built-in function 'exit'
   exit (0);
   ^
conftest.c:29:3: note: include '<stdlib.h>' or provide a declaration of 'exit'
configure:5214: $? = 0
configure:5216: ./conftest
configure:5219: $? = 0
configure:5234: result: yes
configure:5244: checking for an ANSI C-conforming const
configure:5311: gcc -c -O3  -pipe -DSHM  conftest.c >&5
configure:5317: $? = 0
configure:5320: test -z 			 || test ! -s conftest.err
configure:5323: $? = 0
configure:5326: test -s conftest.o
configure:5329: $? = 0
configure:5340: result: yes
configure:5350: checking for inline
configure:5371: gcc -c -O3  -pipe -DSHM  conftest.c >&5
configure:5377: $? = 0
configure:5380: test -z 			 || test ! -s conftest.err
configure:5383: $? = 0
configure:5386: test -s conftest.o
configure:5389: $? = 0
configure:5401: result: inline
configure:5547: creating ./config.status

## ---------------------- ##
## Running config.status. ##
## ---------------------- ##

This file was extended by config.status, which was
generated by GNU Autoconf 2.59.  Invocation command line was

  CONFIG_FILES    = 
  CONFIG_HEADERS  = 
  CONFIG_LINKS    = 
  CONFIG_COMMANDS = 
  $ ./config.status 

on GM-Dual-PC-ML

config.status:729: creating Makefile
config.status:729: creating include/Makefile
config.status:729: creating src_lisp/Makefile
config.status:729: creating src_x/Makefile
config.status:729: creating include/vlisp_files.h
config.status:729: creating src_data/Makefile
config.status:729: creating lsp_expls/Makefile
config.status:729: creating lsp_expls/X/Makefile
config.status:729: creating other_expls/Makefile

## ---------------- ##
## Cache variables. ##
## ---------------- ##

ac_cv_build=x86_64-unknown-linux-gnu
ac_cv_build_alias=x86_64-unknown-linux-gnu
ac_cv_c_compiler_gnu=yes
ac_cv_c_const=yes
ac_cv_c_inline=inline
ac_cv_env_CC_set=
ac_cv_env_CC_value=
ac_cv_env_CFLAGS_set=
ac_cv_env_CFLAGS_value=
ac_cv_env_CPPFLAGS_set=
ac_cv_env_CPPFLAGS_value=
ac_cv_env_CPP_set=
ac_cv_env_CPP_value=
ac_cv_env_LDFLAGS_set=
ac_cv_env_LDFLAGS_value=
ac_cv_env_build_alias_set=
ac_cv_env_build_alias_value=
ac_cv_env_host_alias_set=
ac_cv_env_host_alias_value=
ac_cv_env_target_alias_set=
ac_cv_env_target_alias_value=
ac_cv_exeext=
ac_cv_func_connect=yes
ac_cv_func_dirname=yes
ac_cv_func_gethostbyname=yes
ac_cv_func_getprotobyname=yes
ac_cv_func_index=yes
ac_cv_func_perror=yes
ac_cv_func_remove=yes
ac_cv_func_shmat=yes
ac_cv_have_x='have_x=yes 		ac_x_includes= ac_x_libraries='
ac_cv_header_stdc=yes
ac_cv_host=x86_64-unknown-linux-gnu
ac_cv_host_alias=x86_64-unknown-linux-gnu
ac_cv_lib_ICE_IceConnectionNumber=yes
ac_cv_objext=o
ac_cv_path_EMACS=/usr/bin/emacs
ac_cv_path_install='/usr/bin/install -c'
ac_cv_prog_CPP='gcc -E'
ac_cv_prog_ac_ct_CC=gcc
ac_cv_prog_ac_ct_RANLIB=ranlib
ac_cv_prog_cc_g=yes
ac_cv_prog_cc_stdc=
ac_cv_prog_egrep='grep -E'
ac_cv_prog_make_make_set=yes

## ----------------- ##
## Output variables. ##
## ----------------- ##

ACLOCAL='/home/gunter/GM_LANGUAGES/Functional_Languages/LISP_Dialects/XBVLisp/xbvl-2.2.3-light_work/missing aclocal-1.4'
ARFLAGS='ruv'
AUTOCONF='autoconf'
AUTOHEADER='autoheader'
AUTOMAKE='/home/gunter/GM_LANGUAGES/Functional_Languages/LISP_Dialects/XBVLisp/xbvl-2.2.3-light_work/missing automake-1.4'
CC='gcc'
CFLAGS='-O3  -pipe -DSHM'
CPP='gcc -E'
CPPFLAGS=''
DATA_TYPE='int'
DEFS='-DPACKAGE_NAME=\"\" -DPACKAGE_TARNAME=\"\" -DPACKAGE_VERSION=\"\" -DPACKAGE_STRING=\"\" -DPACKAGE_BUGREPORT=\"\" -DPACKAGE=\"xbvl\" -DVERSION=\"2.2.3-light\" -DSTDC_HEADERS=1 '
ECHO_C=''
ECHO_N='-n'
ECHO_T=''
EGREP='grep -E'
EMACS='/usr/bin/emacs'
EXEEXT=''
HAVE_DIRNAME='-DHAVE_INDEX'
HAVE_ERRNO='-DERRNO'
HAVE_INDEX=''
HAVE_PROTOENT='-DGETPROTENT'
HAVE_XRBFD=''
INSTALL_DATA='${INSTALL} -m 644'
INSTALL_PROGRAM='${INSTALL}'
INSTALL_SCRIPT='${INSTALL}'
LDFLAGS=''
LIBOBJS=''
LIBS=''
LN_S='ln -s'
LTLIBOBJS=''
MAKEINFO='makeinfo'
MODIFIEDMESA=''
NO_VFLO=''
OBJEXT='o'
PACKAGE='xbvl'
PACKAGE_BUGREPORT=''
PACKAGE_NAME=''
PACKAGE_STRING=''
PACKAGE_TARNAME=''
PACKAGE_VERSION=''
PATH_SEPARATOR=':'
RANLIB='ranlib'
SET_MAKE=''
SHELL='/bin/bash'
SYS_CFLAGS=' -pipe -DSHM'
SYS_LDFLAGS=' '
TIFF_DEF=''
TIFF_LIB=''
VERSION='2.2.3-light'
XAW_DIR=''
XAW_LIB=''
X_CFLAGS=''
X_EXTRA_LIBS=''
X_LIBS=''
X_PRE_LIBS=' -lSM -lICE'
X_USE_LATIN1='-DX_USE_LATIN1'
ac_ct_CC='gcc'
ac_ct_RANLIB='ranlib'
bindir='${exec_prefix}/bin'
build='x86_64-unknown-linux-gnu'
build_alias=''
build_cpu='x86_64'
build_os='linux-gnu'
build_vendor='unknown'
datadir='${prefix}/share'
exec_prefix='${prefix}'
host='x86_64-unknown-linux-gnu'
host_alias=''
host_cpu='x86_64'
host_os='linux-gnu'
host_vendor='unknown'
includedir='${prefix}/include'
infodir='${prefix}/info'
libdir='${exec_prefix}/lib'
libexecdir='${exec_prefix}/libexec'
lispdir='$(prefix)/share/emacs/site-lisp'
localstatedir='${prefix}/var'
mandir='${prefix}/man'
oldincludedir='/usr/include'
prefix='/usr/local'
program_transform_name='s,x,x,'
sbindir='${exec_prefix}/sbin'
sharedstatedir='${prefix}/com'
sysconfdir='${prefix}/etc'
target_alias=''

## ----------- ##
## confdefs.h. ##
## ----------- ##

#define PACKAGE "xbvl"
#define PACKAGE_BUGREPORT ""
#define PACKAGE_NAME ""
#define PACKAGE_STRING ""
#define PACKAGE_TARNAME ""
#define PACKAGE_VERSION ""
#define STDC_HEADERS 1
#define VERSION "2.2.3-light"

configure: exit 0
